c:\users\msi\documents\visualstudio-workspace\labyrinthe\labyrinthe\x64\debug\vc143.pdb
c:\users\msi\documents\visualstudio-workspace\labyrinthe\labyrinthe\x64\debug\vc143.idb
c:\users\msi\documents\visualstudio-workspace\labyrinthe\labyrinthe\x64\debug\textureloader.obj
c:\users\msi\documents\visualstudio-workspace\labyrinthe\labyrinthe\x64\debug\objloader.obj
c:\users\msi\documents\visualstudio-workspace\labyrinthe\labyrinthe\x64\debug\main.obj
c:\users\msi\documents\visualstudio-workspace\labyrinthe\x64\debug\labyrinthe.pdb
c:\users\msi\documents\visualstudio-workspace\labyrinthe\labyrinthe\x64\debug\labyrinthe.tlog\cl.command.1.tlog
c:\users\msi\documents\visualstudio-workspace\labyrinthe\labyrinthe\x64\debug\labyrinthe.tlog\cl.items.tlog
c:\users\msi\documents\visualstudio-workspace\labyrinthe\labyrinthe\x64\debug\labyrinthe.tlog\cl.read.1.tlog
c:\users\msi\documents\visualstudio-workspace\labyrinthe\labyrinthe\x64\debug\labyrinthe.tlog\cl.write.1.tlog
c:\users\msi\documents\visualstudio-workspace\labyrinthe\labyrinthe\x64\debug\labyrinthe.tlog\link-cvtres.read.1.tlog
c:\users\msi\documents\visualstudio-workspace\labyrinthe\labyrinthe\x64\debug\labyrinthe.tlog\link-cvtres.write.1.tlog
c:\users\msi\documents\visualstudio-workspace\labyrinthe\labyrinthe\x64\debug\labyrinthe.tlog\link-rc.read.1.tlog
c:\users\msi\documents\visualstudio-workspace\labyrinthe\labyrinthe\x64\debug\labyrinthe.tlog\link-rc.write.1.tlog
c:\users\msi\documents\visualstudio-workspace\labyrinthe\labyrinthe\x64\debug\labyrinthe.tlog\link.35280-cvtres.read.1.tlog
c:\users\msi\documents\visualstudio-workspace\labyrinthe\labyrinthe\x64\debug\labyrinthe.tlog\link.35280-cvtres.write.1.tlog
c:\users\msi\documents\visualstudio-workspace\labyrinthe\labyrinthe\x64\debug\labyrinthe.tlog\link.35280-rc.read.1.tlog
c:\users\msi\documents\visualstudio-workspace\labyrinthe\labyrinthe\x64\debug\labyrinthe.tlog\link.35280-rc.write.1.tlog
c:\users\msi\documents\visualstudio-workspace\labyrinthe\labyrinthe\x64\debug\labyrinthe.tlog\link.35280.read.1.tlog
c:\users\msi\documents\visualstudio-workspace\labyrinthe\labyrinthe\x64\debug\labyrinthe.tlog\link.35280.read.2.tlog
c:\users\msi\documents\visualstudio-workspace\labyrinthe\labyrinthe\x64\debug\labyrinthe.tlog\link.35280.write.1.tlog
c:\users\msi\documents\visualstudio-workspace\labyrinthe\labyrinthe\x64\debug\labyrinthe.tlog\link.command.1.tlog
c:\users\msi\documents\visualstudio-workspace\labyrinthe\labyrinthe\x64\debug\labyrinthe.tlog\link.read.1.tlog
c:\users\msi\documents\visualstudio-workspace\labyrinthe\labyrinthe\x64\debug\labyrinthe.tlog\link.read.2.tlog
c:\users\msi\documents\visualstudio-workspace\labyrinthe\labyrinthe\x64\debug\labyrinthe.tlog\link.read.3.tlog
c:\users\msi\documents\visualstudio-workspace\labyrinthe\labyrinthe\x64\debug\labyrinthe.tlog\link.write.1.tlog
