  BasicDemo.cpp
  BulletOpenGLApplication.cpp
C:\Users\MSI\Documents\visualStudio-workspace\Labyrinthe\Labyrinthe\BulletOpenGLApplication.cpp(182,31): warning C4305: 'argument' : troncation de 'double' à 'float'
C:\Users\MSI\Documents\visualStudio-workspace\Labyrinthe\Labyrinthe\BulletOpenGLApplication.cpp(185,32): warning C4305: 'argument' : troncation de 'double' à 'float'
C:\Users\MSI\Documents\visualStudio-workspace\Labyrinthe\Labyrinthe\BulletOpenGLApplication.cpp(188,34): warning C4305: 'argument' : troncation de 'double' à 'float'
C:\Users\MSI\Documents\visualStudio-workspace\Labyrinthe\Labyrinthe\BulletOpenGLApplication.cpp(191,35): warning C4305: 'argument' : troncation de 'double' à 'float'
C:\Users\MSI\Documents\visualStudio-workspace\Labyrinthe\Labyrinthe\BulletOpenGLApplication.cpp(202,11): warning C4244: 'initialisation' : conversion de 'unsigned __int64' en 'float', perte possible de données
C:\Users\MSI\Documents\visualStudio-workspace\Labyrinthe\Labyrinthe\BulletOpenGLApplication.cpp(218,11): warning C4244: '=' : conversion de 'double' en 'GLfloat', perte possible de données
C:\Users\MSI\Documents\visualStudio-workspace\Labyrinthe\Labyrinthe\BulletOpenGLApplication.cpp(219,11): warning C4244: '=' : conversion de 'double' en 'GLfloat', perte possible de données
C:\Users\MSI\Documents\visualStudio-workspace\Labyrinthe\Labyrinthe\BulletOpenGLApplication.cpp(223,18): warning C4244: 'initialisation' : conversion de 'double' en 'GLfloat', perte possible de données
C:\Users\MSI\Documents\visualStudio-workspace\Labyrinthe\Labyrinthe\BulletOpenGLApplication.cpp(224,18): warning C4244: 'initialisation' : conversion de 'double' en 'GLfloat', perte possible de données
C:\Users\MSI\Documents\visualStudio-workspace\Labyrinthe\Labyrinthe\BulletOpenGLApplication.cpp(226,10): warning C4244: '=' : conversion de 'double' en 'GLfloat', perte possible de données
C:\Users\MSI\Documents\visualStudio-workspace\Labyrinthe\Labyrinthe\BulletOpenGLApplication.cpp(227,10): warning C4244: '=' : conversion de 'double' en 'GLfloat', perte possible de données
  GLDebugDrawer.cpp
  main.cpp
C:\Program Files (x86)\Windows Kits\10\Include\10.0.22621.0\shared\minwindef.h(130,1): warning C4005: 'APIENTRY' : redéfinition de macro
  (compiler le fichier source 'main.cpp')
  C:\opengl\glfw-3.3.9.bin.WIN64\include\GLFW\glfw3.h(123,1):
  voir la définition précédente de 'APIENTRY'
  
C:\Users\MSI\Documents\visualStudio-workspace\Labyrinthe\Labyrinthe\main.cpp(161,17): warning C4244: '=' : conversion de 'double' en 'GLfloat', perte possible de données
C:\Users\MSI\Documents\visualStudio-workspace\Labyrinthe\Labyrinthe\main.cpp(162,17): warning C4244: '=' : conversion de 'double' en 'GLfloat', perte possible de données
C:\Users\MSI\Documents\visualStudio-workspace\Labyrinthe\Labyrinthe\main.cpp(166,21): warning C4244: 'initialisation' : conversion de 'double' en 'GLfloat', perte possible de données
C:\Users\MSI\Documents\visualStudio-workspace\Labyrinthe\Labyrinthe\main.cpp(167,21): warning C4244: 'initialisation' : conversion de 'double' en 'GLfloat', perte possible de données
C:\Users\MSI\Documents\visualStudio-workspace\Labyrinthe\Labyrinthe\main.cpp(169,13): warning C4244: '=' : conversion de 'double' en 'GLfloat', perte possible de données
C:\Users\MSI\Documents\visualStudio-workspace\Labyrinthe\Labyrinthe\main.cpp(170,13): warning C4244: '=' : conversion de 'double' en 'GLfloat', perte possible de données
C:\Users\MSI\Documents\visualStudio-workspace\Labyrinthe\Labyrinthe\main.cpp(177,37): warning C4305: 'argument' : troncation de 'double' à 'float'
C:\Users\MSI\Documents\visualStudio-workspace\Labyrinthe\Labyrinthe\main.cpp(180,38): warning C4305: 'argument' : troncation de 'double' à 'float'
C:\Users\MSI\Documents\visualStudio-workspace\Labyrinthe\Labyrinthe\main.cpp(183,40): warning C4305: 'argument' : troncation de 'double' à 'float'
C:\Users\MSI\Documents\visualStudio-workspace\Labyrinthe\Labyrinthe\main.cpp(186,41): warning C4305: 'argument' : troncation de 'double' à 'float'
C:\Users\MSI\Documents\visualStudio-workspace\Labyrinthe\Labyrinthe\main.cpp(527,55): warning C4267: 'argument' : conversion de 'size_t' en 'GLsizei', perte possible de données
C:\Users\MSI\Documents\visualStudio-workspace\Labyrinthe\Labyrinthe\main.cpp(537,56): warning C4267: 'argument' : conversion de 'size_t' en 'GLsizei', perte possible de données
C:\Users\MSI\Documents\visualStudio-workspace\Labyrinthe\Labyrinthe\main.cpp(545,57): warning C4267: 'argument' : conversion de 'size_t' en 'GLsizei', perte possible de données
C:\Users\MSI\Documents\visualStudio-workspace\Labyrinthe\Labyrinthe\main.cpp(553,64): warning C4267: 'argument' : conversion de 'size_t' en 'GLsizei', perte possible de données
  Génération de code en cours
  10 of 1137 functions ( 0.9%) were compiled, the rest were copied from previous compilation.
    0 functions were new in current compilation
    2 functions had inline decision re-evaluated but remain unchanged
  Fin de la génération du code
  Labyrinthe.vcxproj -> C:\Users\MSI\Documents\visualStudio-workspace\Labyrinthe\x64\Release\Labyrinthe.exe
